[1 - Suricata-Main] 2026-02-24 14:52:19 Notice: suricata: This is Suricata version 8.0.3 RELEASE running in SYSTEM mode
[1 - Suricata-Main] 2026-02-24 14:52:19 Info: cpu: CPUs/cores online: 2
[1 - Suricata-Main] 2026-02-24 14:52:19 Info: suricata: Setting engine mode to IDS mode by default
[1 - Suricata-Main] 2026-02-24 14:52:19 Info: exception-policy: master exception-policy set to: auto
[1 - Suricata-Main] 2026-02-24 14:52:19 Info: conf: Running in live mode, activating unix socket
[1 - Suricata-Main] 2026-02-24 14:52:19 Info: logopenfile: fast output device (regular) initialized: fast.log
[1 - Suricata-Main] 2026-02-24 14:52:19 Info: logopenfile: eve-log output device (regular) initialized: eve.json
[1 - Suricata-Main] 2026-02-24 14:52:19 Info: logopenfile: stats output device (regular) initialized: stats.log
[1 - Suricata-Main] 2026-02-24 14:52:19 Warning: detect: No rule files match the pattern /var/lib/suricata/rules/suricata.rules
[1 - Suricata-Main] 2026-02-24 14:52:19 Warning: detect: 1 rule files specified, but no rules were loaded!
[1 - Suricata-Main] 2026-02-24 14:52:19 Info: threshold-config: Threshold config parsed: 0 rule(s) found
[1 - Suricata-Main] 2026-02-24 14:52:19 Info: detect: 0 signatures processed. 0 are IP-only rules, 0 are inspecting packet payload, 0 inspect application layer, 0 are decoder event only
[1 - Suricata-Main] 2026-02-24 14:52:19 Info: unix-manager: unix socket '/var/run/suricata/suricata-command.socket'
[1 - Suricata-Main] 2026-02-24 14:52:19 Info: runmodes: eth0: creating 2 threads
[13 - W#01-eth0] 2026-02-24 14:52:19 Info: ioctl: eth0: MTU 1500
[1 - Suricata-Main] 2026-02-24 14:52:19 Notice: threads: Threads created -> W: 2 FM: 1 FR: 1   Engine started.
[1 - Suricata-Main] 2026-02-24 16:37:51 Notice: suricata: Signal Received.  Stopping engine.
[1 - Suricata-Main] 2026-02-24 16:37:52 Info: suricata: time elapsed 6332.837s
[1 - Suricata-Main] 2026-02-24 16:37:52 Info: counters: Alerts: 0
[1 - Suricata-Main] 2026-02-24 16:37:52 Notice: device: eth0: packets: 39, drops: 0 (0.00%), invalid chksum: 0
[1 - Suricata-Main] 2026-02-24 18:07:41 Notice: suricata: This is Suricata version 8.0.3 RELEASE running in SYSTEM mode
[1 - Suricata-Main] 2026-02-24 18:07:41 Info: cpu: CPUs/cores online: 2
[1 - Suricata-Main] 2026-02-24 18:07:41 Info: suricata: Setting engine mode to IDS mode by default
[1 - Suricata-Main] 2026-02-24 18:07:41 Info: exception-policy: master exception-policy set to: auto
[1 - Suricata-Main] 2026-02-24 18:07:41 Info: conf: Running in live mode, activating unix socket
[1 - Suricata-Main] 2026-02-24 18:07:41 Info: logopenfile: fast output device (regular) initialized: fast.log
[1 - Suricata-Main] 2026-02-24 18:07:41 Info: logopenfile: eve-log output device (regular) initialized: eve.json
[1 - Suricata-Main] 2026-02-24 18:07:41 Info: logopenfile: stats output device (regular) initialized: stats.log
[1 - Suricata-Main] 2026-02-24 18:07:41 Warning: detect: No rule files match the pattern /var/lib/suricata/rules/suricata.rules
[1 - Suricata-Main] 2026-02-24 18:07:41 Warning: detect: 1 rule files specified, but no rules were loaded!
[1 - Suricata-Main] 2026-02-24 18:07:41 Info: threshold-config: Threshold config parsed: 0 rule(s) found
[1 - Suricata-Main] 2026-02-24 18:07:41 Info: detect: 0 signatures processed. 0 are IP-only rules, 0 are inspecting packet payload, 0 inspect application layer, 0 are decoder event only
[1 - Suricata-Main] 2026-02-24 18:07:41 Info: unix-manager: unix socket '/var/run/suricata/suricata-command.socket'
[1 - Suricata-Main] 2026-02-24 18:07:41 Info: runmodes: eth0: creating 2 threads
[13 - W#01-eth0] 2026-02-24 18:07:41 Info: ioctl: eth0: MTU 1500
[1 - Suricata-Main] 2026-02-24 18:07:41 Notice: threads: Threads created -> W: 2 FM: 1 FR: 1   Engine started.
[1 - Suricata-Main] 2026-02-25 08:46:19 Notice: suricata: This is Suricata version 8.0.3 RELEASE running in SYSTEM mode
[1 - Suricata-Main] 2026-02-25 08:46:19 Info: cpu: CPUs/cores online: 2
[1 - Suricata-Main] 2026-02-25 08:46:19 Info: suricata: Setting engine mode to IDS mode by default
[1 - Suricata-Main] 2026-02-25 08:46:19 Info: exception-policy: master exception-policy set to: auto
[1 - Suricata-Main] 2026-02-25 08:46:19 Info: conf: Running in live mode, activating unix socket
[1 - Suricata-Main] 2026-02-25 08:46:19 Info: logopenfile: fast output device (regular) initialized: fast.log
[1 - Suricata-Main] 2026-02-25 08:46:19 Info: logopenfile: eve-log output device (regular) initialized: eve.json
[1 - Suricata-Main] 2026-02-25 08:46:19 Info: logopenfile: stats output device (regular) initialized: stats.log
[1 - Suricata-Main] 2026-02-25 08:46:19 Warning: detect: No rule files match the pattern /var/lib/suricata/rules/suricata.rules
[1 - Suricata-Main] 2026-02-25 08:46:19 Warning: detect: 1 rule files specified, but no rules were loaded!
[1 - Suricata-Main] 2026-02-25 08:46:19 Info: threshold-config: Threshold config parsed: 0 rule(s) found
[1 - Suricata-Main] 2026-02-25 08:46:19 Info: detect: 0 signatures processed. 0 are IP-only rules, 0 are inspecting packet payload, 0 inspect application layer, 0 are decoder event only
[1 - Suricata-Main] 2026-02-25 08:46:19 Info: unix-manager: unix socket '/var/run/suricata/suricata-command.socket'
[1 - Suricata-Main] 2026-02-25 08:46:19 Info: runmodes: eth0: creating 2 threads
[13 - W#01-eth0] 2026-02-25 08:46:20 Info: ioctl: eth0: MTU 1500
[1 - Suricata-Main] 2026-02-25 08:46:20 Notice: threads: Threads created -> W: 2 FM: 1 FR: 1   Engine started.
