---------------------------------------------------------------------------------------------------
Date: 1/21/2026 -- 09:45:50 (uptime: 0d, 00h 00m 08s)
---------------------------------------------------------------------------------------------------
Counter                                                      | TM Name                   | Value
---------------------------------------------------------------------------------------------------
capture.afpacket.polls                                       | Total                     | 464
capture.afpacket.poll_timeout                                | Total                     | 464
flow.mgr.rows_per_sec                                        | Total                     | 6553
flow.spare                                                   | Total                     | 10000
memcap.pressure                                              | Total                     | 7
memcap.pressure_max                                          | Total                     | 7
defrag.memuse                                                | Total                     | 33554432
tcp.memuse                                                   | Total                     | 4980736
tcp.reassembly_memuse                                        | Total                     | 917504
http.byterange.memuse                                        | Total                     | 176384
http.byterange.memcap                                        | Total                     | 104857600
ippair.memuse                                                | Total                     | 406144
ippair.memcap                                                | Total                     | 16777216
host.memuse                                                  | Total                     | 390144
host.memcap                                                  | Total                     | 33554432
flow.memuse                                                  | Total                     | 9411456
---------------------------------------------------------------------------------------------------
Date: 1/21/2026 -- 09:45:55 (uptime: 0d, 00h 00m 13s)
---------------------------------------------------------------------------------------------------
Counter                                                      | TM Name                   | Value
---------------------------------------------------------------------------------------------------
capture.afpacket.polls                                       | Total                     | 998
capture.afpacket.poll_timeout                                | Total                     | 990
flow.mgr.full_hash_pass                                      | Total                     | 1
flow.mgr.rows_per_sec                                        | Total                     | 6553
flow.spare                                                   | Total                     | 10000
memcap.pressure                                              | Total                     | 7
memcap.pressure_max                                          | Total                     | 7
defrag.memuse                                                | Total                     | 33554432
tcp.memuse                                                   | Total                     | 4980736
tcp.reassembly_memuse                                        | Total                     | 917504
http.byterange.memuse                                        | Total                     | 176384
http.byterange.memcap                                        | Total                     | 104857600
ippair.memuse                                                | Total                     | 406144
ippair.memcap                                                | Total                     | 16777216
host.memuse                                                  | Total                     | 390144
host.memcap                                                  | Total                     | 33554432
flow.memuse                                                  | Total                     | 9411456
